0 info it worked if it ends with ok
1 verbose cli [ 'node', '/usr/local/bin/npm', 'install', 'xsv', '--save' ]
2 info using npm@2.10.1
3 info using node@v0.12.4
4 verbose install initial load of /Volumes/MacbookHD/Documenti/MYSTUFF/RM3/2nd/VisualizzazionedelleInformazioni/VisualNBA/package.json
5 warn package.json static-server@0.0.0 No repository field.
6 verbose installManyTop reading scoped package data from /Volumes/MacbookHD/Documenti/MYSTUFF/RM3/2nd/VisualizzazionedelleInformazioni/VisualNBA/node_modules/csvtojson/package.json
7 verbose installManyTop reading scoped package data from /Volumes/MacbookHD/Documenti/MYSTUFF/RM3/2nd/VisualizzazionedelleInformazioni/VisualNBA/node_modules/express/package.json
8 verbose installManyTop reading scoped package data from /Volumes/MacbookHD/Documenti/MYSTUFF/RM3/2nd/VisualizzazionedelleInformazioni/VisualNBA/node_modules/fs/package.json
9 verbose installManyTop reading scoped package data from /Volumes/MacbookHD/Documenti/MYSTUFF/RM3/2nd/VisualizzazionedelleInformazioni/VisualNBA/node_modules/line-by-line/package.json
10 verbose installManyTop reading scoped package data from /Volumes/MacbookHD/Documenti/MYSTUFF/RM3/2nd/VisualizzazionedelleInformazioni/VisualNBA/node_modules/tsv/package.json
11 info package.json csvtojson@0.3.21 license should be a valid SPDX license expression
12 info package.json fs@0.0.2 fs is also the name of a node core module.
13 info package.json fs@0.0.2 No description
14 info package.json fs@0.0.2 No repository field.
15 info package.json line-by-line@0.1.3 No license field.
16 info package.json tsv@0.2.0 license should be a valid SPDX license expression
17 verbose readDependencies loading dependencies from /Volumes/MacbookHD/Documenti/MYSTUFF/RM3/2nd/VisualizzazionedelleInformazioni/VisualNBA/package.json
18 silly cache add args [ 'xsv', null ]
19 verbose cache add spec xsv
20 silly cache add parsed spec { raw: 'xsv',
20 silly cache add   scope: null,
20 silly cache add   name: 'xsv',
20 silly cache add   rawSpec: '',
20 silly cache add   spec: '*',
20 silly cache add   type: 'range' }
21 silly addNamed xsv@*
22 verbose addNamed "*" is a valid semver range for xsv
23 silly addNameRange { name: 'xsv', range: '*', hasData: false }
24 silly mapToRegistry name xsv
25 silly mapToRegistry using default registry
26 silly mapToRegistry registry https://registry.npmjs.org/
27 silly mapToRegistry uri https://registry.npmjs.org/xsv
28 verbose addNameRange registry:https://registry.npmjs.org/xsv not in flight; fetching
29 verbose request uri https://registry.npmjs.org/xsv
30 verbose request no auth needed
31 info attempt registry request try #1 at 12:49:12
32 verbose request id e8c8b2680bcd9bc5
33 http request GET https://registry.npmjs.org/xsv
34 http 404 https://registry.npmjs.org/xsv
35 verbose headers { server: 'CouchDB/1.5.0 (Erlang OTP/R16B03)',
35 verbose headers   'content-type': 'application/json',
35 verbose headers   'cache-control': 'max-age=0',
35 verbose headers   'content-length': '51',
35 verbose headers   'accept-ranges': 'bytes',
35 verbose headers   date: 'Wed, 24 Jun 2015 10:49:13 GMT',
35 verbose headers   via: '1.1 varnish',
35 verbose headers   age: '0',
35 verbose headers   connection: 'keep-alive',
35 verbose headers   'x-served-by': 'cache-fra1229-FRA',
35 verbose headers   'x-cache': 'MISS',
35 verbose headers   'x-cache-hits': '0',
35 verbose headers   'x-timer': 'S1435142952.941304,VS0,VE431' }
36 silly get cb [ 404,
36 silly get   { server: 'CouchDB/1.5.0 (Erlang OTP/R16B03)',
36 silly get     'content-type': 'application/json',
36 silly get     'cache-control': 'max-age=0',
36 silly get     'content-length': '51',
36 silly get     'accept-ranges': 'bytes',
36 silly get     date: 'Wed, 24 Jun 2015 10:49:13 GMT',
36 silly get     via: '1.1 varnish',
36 silly get     age: '0',
36 silly get     connection: 'keep-alive',
36 silly get     'x-served-by': 'cache-fra1229-FRA',
36 silly get     'x-cache': 'MISS',
36 silly get     'x-cache-hits': '0',
36 silly get     'x-timer': 'S1435142952.941304,VS0,VE431' } ]
37 verbose stack Error: 404 Not Found: xsv
37 verbose stack     at CachingRegistryClient.<anonymous> (/usr/local/lib/node_modules/npm/node_modules/npm-registry-client/lib/request.js:245:14)
37 verbose stack     at Request._callback (/usr/local/lib/node_modules/npm/node_modules/npm-registry-client/lib/request.js:170:14)
37 verbose stack     at Request.self.callback (/usr/local/lib/node_modules/npm/node_modules/request/request.js:368:22)
37 verbose stack     at Request.emit (events.js:110:17)
37 verbose stack     at Request.<anonymous> (/usr/local/lib/node_modules/npm/node_modules/request/request.js:1219:14)
37 verbose stack     at Request.emit (events.js:129:20)
37 verbose stack     at IncomingMessage.<anonymous> (/usr/local/lib/node_modules/npm/node_modules/request/request.js:1167:12)
37 verbose stack     at IncomingMessage.emit (events.js:129:20)
37 verbose stack     at _stream_readable.js:908:16
37 verbose stack     at process._tickCallback (node.js:355:11)
38 verbose statusCode 404
39 verbose pkgid xsv
40 verbose cwd /Volumes/MacbookHD/Documenti/MYSTUFF/RM3/2nd/VisualizzazionedelleInformazioni/VisualNBA
41 error Darwin 14.3.0
42 error argv "node" "/usr/local/bin/npm" "install" "xsv" "--save"
43 error node v0.12.4
44 error npm  v2.10.1
45 error code E404
46 error 404 Not Found: xsv
46 error 404
46 error 404 'xsv' is not in the npm registry.
46 error 404 You should bug the author to publish it (or use the name yourself!)
46 error 404 It was specified as a dependency of 'static-server'
46 error 404
46 error 404 Note that you can also install from a
46 error 404 tarball, folder, http url, or git url.
47 verbose exit [ 1, true ]
